  FileHandler.cpp
C:\Users\nasyi\source\repos\Janani-Sruthi\driverless-router\FileHandler.h(6,10): error C1083: Cannot open include file: 'Shuttle.h': No such file or directory
  (compiling source file 'FileHandler.cpp')
  
  main.cpp
C:\Users\nasyi\source\repos\Janani-Sruthi\driverless-router\ShuttleManager.h(6,10): error C1083: Cannot open include file: 'Shuttle.h': No such file or directory
  (compiling source file 'main.cpp')
  
  Passenger.cpp
  RoutePlanner.cpp
C:\Users\nasyi\source\repos\Janani-Sruthi\driverless-router\ShuttleManager.h(6,10): error C1083: Cannot open include file: 'Shuttle.h': No such file or directory
  (compiling source file 'RoutePlanner.cpp')
  
  Schedule.cpp
C:\Users\nasyi\source\repos\Janani-Sruthi\driverless-router\Schedule.h(7,10): error C1083: Cannot open include file: 'Shuttle.h': No such file or directory
  (compiling source file 'Schedule.cpp')
  
  Scheduler.cpp
C:\Users\nasyi\source\repos\Janani-Sruthi\driverless-router\Scheduler.h(4,10): error C1083: Cannot open include file: 'Shuttle.h': No such file or directory
  (compiling source file 'Scheduler.cpp')
  
  ShuttleManager.cpp
C:\Users\nasyi\source\repos\Janani-Sruthi\driverless-router\ShuttleManager.h(6,10): error C1083: Cannot open include file: 'Shuttle.h': No such file or directory
  (compiling source file 'ShuttleManager.cpp')
  
  Vehicle.cpp
  Generating Code...
